<?xml version="1.0" encoding="UTF-8"?>
<testng-results ignored="0" total="1" passed="1" failed="0" skipped="0">
  <reporter-output>
  </reporter-output>
  <suite started-at="2024-04-23T15:47:49 IST" name="Default suite" finished-at="2024-04-23T15:48:49 IST" duration-ms="59510">
    <groups>
    </groups>
    <test started-at="2024-04-23T15:47:49 IST" name="Default test" finished-at="2024-04-23T15:48:49 IST" duration-ms="59510">
      <class name="testpages.GmailAutomationTest">
        <test-method is-config="true" signature="setUp()[pri:0, instance:testpages.GmailAutomationTest@45099dd3]" started-at="2024-04-23T15:47:49 IST" name="setUp" finished-at="2024-04-23T15:48:07 IST" duration-ms="18164" status="PASS">
          <reporter-output>
          </reporter-output>
        </test-method> <!-- setUp -->
        <test-method signature="loginAndComposeEmail()[pri:0, instance:testpages.GmailAutomationTest@45099dd3]" started-at="2024-04-23T15:48:07 IST" name="loginAndComposeEmail" finished-at="2024-04-23T15:48:47 IST" duration-ms="39757" status="PASS">
          <reporter-output>
          </reporter-output>
        </test-method> <!-- loginAndComposeEmail -->
        <test-method is-config="true" signature="tearDown()[pri:0, instance:testpages.GmailAutomationTest@45099dd3]" started-at="2024-04-23T15:48:47 IST" name="tearDown" finished-at="2024-04-23T15:48:49 IST" duration-ms="1385" status="PASS">
          <reporter-output>
          </reporter-output>
        </test-method> <!-- tearDown -->
      </class> <!-- testpages.GmailAutomationTest -->
    </test> <!-- Default test -->
  </suite> <!-- Default suite -->
</testng-results>
